[debug] [2022-09-01T14:50:27.088Z] ----------------------------------------------------------------------
[debug] [2022-09-01T14:50:27.091Z] Command:       C:\Program Files\nodejs\node.exe C:\Users\Sasha\AppData\Roaming\npm\node_modules\firebase-tools\lib\bin\firebase.js init
[debug] [2022-09-01T14:50:27.092Z] CLI Version:   11.8.0
[debug] [2022-09-01T14:50:27.093Z] Platform:      win32
[debug] [2022-09-01T14:50:27.093Z] Node Version:  v16.13.0
[debug] [2022-09-01T14:50:27.094Z] Time:          Thu Sep 01 2022 17:50:27 GMT+0300 (Восточная Европа, летнее время)
[debug] [2022-09-01T14:50:27.095Z] ----------------------------------------------------------------------
[debug] 
[debug] [2022-09-01T14:50:27.100Z] >>> [apiv2][query] GET https://firebase-public.firebaseio.com/cli.json [none]
[debug] [2022-09-01T14:50:27.136Z] > command requires scopes: ["email","openid","https://www.googleapis.com/auth/cloudplatformprojects.readonly","https://www.googleapis.com/auth/firebase","https://www.googleapis.com/auth/cloud-platform"]
[debug] [2022-09-01T14:50:27.136Z] > authorizing via signed-in user (khutornaalexandra@gmail.com)
[info] 
     ######## #### ########  ######## ########     ###     ######  ########
     ##        ##  ##     ## ##       ##     ##  ##   ##  ##       ##
     ######    ##  ########  ######   ########  #########  ######  ######
     ##        ##  ##    ##  ##       ##     ## ##     ##       ## ##
     ##       #### ##     ## ######## ########  ##     ##  ######  ########

You're about to initialize a Firebase project in this directory:

  D:\Проекты\tree

[debug] [2022-09-01T14:50:27.597Z] <<< [apiv2][status] GET https://firebase-public.firebaseio.com/cli.json 200
[debug] [2022-09-01T14:50:27.598Z] <<< [apiv2][body] GET https://firebase-public.firebaseio.com/cli.json {"cloudBuildErrorAfter":1594252800000,"cloudBuildWarnAfter":1590019200000,"defaultNode10After":1594252800000,"minVersion":"3.0.5","node8DeploysDisabledAfter":1613390400000,"node8RuntimeDisabledAfter":1615809600000,"node8WarnAfter":1600128000000}
[info] 
=== Project Setup
[info] 
[info] First, let's associate this project directory with a Firebase project.
[info] You can create multiple project aliases by running firebase use --add, 
[info] but for now we'll just set up a default project.
[info] 
[info] i  If you want to create a project in a Google Cloud organization or folder, please use "firebase projects:create" instead, and return to this command when you've created the project. 
[debug] [2022-09-01T14:53:44.209Z] ----------------------------------------------------------------------
[debug] [2022-09-01T14:53:44.212Z] Command:       C:\Program Files\nodejs\node.exe C:\Users\Sasha\AppData\Roaming\npm\node_modules\firebase-tools\lib\bin\firebase.js init
[debug] [2022-09-01T14:53:44.213Z] CLI Version:   11.8.0
[debug] [2022-09-01T14:53:44.213Z] Platform:      win32
[debug] [2022-09-01T14:53:44.213Z] Node Version:  v16.13.0
[debug] [2022-09-01T14:53:44.215Z] Time:          Thu Sep 01 2022 17:53:44 GMT+0300 (Восточная Европа, летнее время)
[debug] [2022-09-01T14:53:44.215Z] ----------------------------------------------------------------------
[debug] 
[debug] [2022-09-01T14:53:44.228Z] > command requires scopes: ["email","openid","https://www.googleapis.com/auth/cloudplatformprojects.readonly","https://www.googleapis.com/auth/firebase","https://www.googleapis.com/auth/cloud-platform"]
[debug] [2022-09-01T14:53:44.228Z] > authorizing via signed-in user (khutornaalexandra@gmail.com)
[info] 
     ######## #### ########  ######## ########     ###     ######  ########
     ##        ##  ##     ## ##       ##     ##  ##   ##  ##       ##
     ######    ##  ########  ######   ########  #########  ######  ######
     ##        ##  ##    ##  ##       ##     ## ##     ##       ## ##
     ##       #### ##     ## ######## ########  ##     ##  ######  ########

You're about to initialize a Firebase project in this directory:

  D:\Проекты\tree

